<?xml version="1.0" encoding="UTF-8"?>
<!-- Generated by org.testng.reporters.JUnitReportReporter -->
<testsuite skipped="0" hostname="W10C700QV2" name="com.dlc.dlcAutomation.sampleTestWeb" tests="1" failures="0" timestamp="13 Apr 2020 05:33:57 GMT" time="36.688" errors="0">
  <testcase name="weBTesting" time="36.688" classname="com.dlc.dlcAutomation.sampleTestWeb"/>
</testsuite> <!-- com.dlc.dlcAutomation.sampleTestWeb -->
