<?xml version="1.0" encoding="UTF-8"?>
<!-- Generated by org.testng.reporters.JUnitReportReporter -->
<testsuite skipped="1" hostname="W10C700QV2" name="com.dlc.dlcAutomation.sampleTestDb" tests="2" failures="0" timestamp="20 Mar 2020 11:25:51 GMT" time="489.599" errors="0">
  <testcase name="dbTesting" time="489.599" classname="com.dlc.dlcAutomation.sampleTestDb"/>
  <testcase name="dbTesting01" classname="com.dlc.dlcAutomation.sampleTestDb">
    <skipped/>
  </testcase> <!-- dbTesting01 -->
</testsuite> <!-- com.dlc.dlcAutomation.sampleTestDb -->
