<?xml version="1.0" encoding="UTF-8"?>
<!-- Generated by org.testng.reporters.JUnitReportReporter -->
<testsuite skipped="0" hostname="W10C700QV2" name="com.dlc.dlcAutomation.sampleTestAPI" tests="1" failures="0" timestamp="20 Mar 2020 11:07:38 GMT" time="37.196" errors="0">
  <testcase name="enrollAuser" time="37.196" classname="com.dlc.dlcAutomation.sampleTestAPI"/>
</testsuite> <!-- com.dlc.dlcAutomation.sampleTestAPI -->
