<?xml version="1.0" encoding="UTF-8"?>
<!-- Generated by org.testng.reporters.JUnitReportReporter -->
<testsuite skipped="0" hostname="W10C700QV2" name="com.dlc.dlcAutomation.sampleTest" tests="1" failures="0" timestamp="08 Mar 2020 16:24:16 GMT" time="0.474" errors="0">
  <testcase name="dbTesting" time="0.474" classname="com.dlc.dlcAutomation.sampleTest"/>
</testsuite> <!-- com.dlc.dlcAutomation.sampleTest -->
