<?xml version="1.0" encoding="UTF-8"?>
<!-- Generated by org.testng.reporters.JUnitReportReporter -->
<testsuite skipped="0" hostname="W10C700QV2" name="com.dlc.dlcAutomation.sampleTestMob" tests="1" failures="0" timestamp="13 Apr 2020 06:37:20 GMT" time="121.218" errors="0">
  <testcase name="mobTesting" time="121.218" classname="com.dlc.dlcAutomation.sampleTestMob"/>
</testsuite> <!-- com.dlc.dlcAutomation.sampleTestMob -->
