<?xml version="1.0" encoding="UTF-8"?>
<!-- Generated by org.testng.reporters.JUnitReportReporter -->
<testsuite skipped="0" hostname="W10C700QV2" name="com.dlc.dlcAutomation.sampleTestWeb" tests="1" failures="0" timestamp="27 Mar 2020 04:58:33 GMT" time="35.892" errors="0">
  <testcase name="weBTesting" time="35.892" classname="com.dlc.dlcAutomation.sampleTestWeb"/>
</testsuite> <!-- com.dlc.dlcAutomation.sampleTestWeb -->
