<?xml version="1.0" encoding="UTF-8"?>
<!-- Generated by org.testng.reporters.JUnitReportReporter -->
<testsuite skipped="0" hostname="W10C700QV2" name="com.dlc.dlcAutomation.sampleTestMob" tests="1" failures="0" timestamp="24 Mar 2020 10:45:33 GMT" time="113.117" errors="0">
  <testcase name="mobTesting" time="113.117" classname="com.dlc.dlcAutomation.sampleTestMob"/>
</testsuite> <!-- com.dlc.dlcAutomation.sampleTestMob -->
